Command line:
   op_decode_tb_isim_beh.exe
     -simmode  gui
     -simrunnum  0
     -socket  50605

Tue Jun 21 16:44:07 2016


 Elaboration Time: 0.015625 sec

 Current Memory Usage: 844.141 Meg

 Total Signals          : 18
 Total Nets             : 25
 Total Signal Drivers   : 10
 Total Blocks           : 3
 Total Primitive Blocks : 2
 Total Processes        : 13
 Total Traceable Variables  : 23
 Total Scalar Nets and Variables : 117
Total Line Count : 47

 Total Simulation Time: 0.015625 sec

 Current Memory Usage: 844.141 Meg

Tue Jun 21 16:44:18 2016

