Command line:
   cpu_comb_tb_isim_beh.exe
     -simmode  gui
     -simrunnum  0
     -socket  55394

Wed Jun 22 16:29:46 2016


 Elaboration Time: 0.03125 sec

 Current Memory Usage: 844.169 Meg

 Total Signals          : 54
 Total Nets             : 99
 Total Signal Drivers   : 21
 Total Blocks           : 11
 Total Primitive Blocks : 5
 Total Processes        : 24
 Total Traceable Variables  : 51
 Total Scalar Nets and Variables : 358
Total Line Count : 88

 Total Simulation Time: 0.03125 sec

 Current Memory Usage: 844.169 Meg

Wed Jun 22 16:29:52 2016

