Command line:
   mux3_tb_isim_beh.exe
     -simmode  gui
     -simrunnum  0
     -socket  50581

Tue Jun 21 16:33:53 2016


 Elaboration Time: 0.03125 sec

 Current Memory Usage: 844.19 Meg

 Total Signals          : 20
 Total Nets             : 55
 Total Signal Drivers   : 11
 Total Blocks           : 4
 Total Primitive Blocks : 2
 Total Processes        : 13
 Total Traceable Variables  : 29
 Total Scalar Nets and Variables : 211
Total Line Count : 29

 Total Simulation Time: 0.03125 sec

 Current Memory Usage: 844.19 Meg

Tue Jun 21 16:34:04 2016

