Command line:
   cpu_comb_isim_beh.exe
     -simmode  gui
     -simrunnum  0
     -socket  50572

Tue Jun 21 16:31:06 2016


 Elaboration Time: 0.03125 sec

 Current Memory Usage: 844.177 Meg

 Total Signals          : 50
 Total Nets             : 101
 Total Signal Drivers   : 15
 Total Blocks           : 10
 Total Primitive Blocks : 5
 Total Processes        : 23
 Total Traceable Variables  : 45
 Total Scalar Nets and Variables : 323
Total Line Count : 67

 Total Simulation Time: 0.03125 sec

 Current Memory Usage: 844.177 Meg

Tue Jun 21 16:31:10 2016

