Command line:
   op_decode_isim_beh.exe
     -simmode  gui
     -simrunnum  0
     -socket  50596

Tue Jun 21 16:41:14 2016


 Elaboration Time: 0.03125 sec

 Current Memory Usage: 844.145 Meg

 Total Signals          : 14
 Total Nets             : 25
 Total Signal Drivers   : 9
 Total Blocks           : 2
 Total Primitive Blocks : 2
 Total Processes        : 11
 Total Traceable Variables  : 22
 Total Scalar Nets and Variables : 113
Total Line Count : 30

 Total Simulation Time: 0.03125 sec

 Current Memory Usage: 844.145 Meg

Tue Jun 21 16:41:17 2016

