Command line:
   alu_pp44_tb_isim_beh.exe
     -simmode  gui
     -simrunnum  0
     -socket  55402

Wed Jun 22 16:31:35 2016


 Elaboration Time: 0.03125 sec

 Current Memory Usage: 844.108 Meg

 Total Signals          : 22
 Total Nets             : 43
 Total Signal Drivers   : 12
 Total Blocks           : 5
 Total Primitive Blocks : 2
 Total Processes        : 14
 Total Traceable Variables  : 34
 Total Scalar Nets and Variables : 194
Total Line Count : 47

 Total Simulation Time: 0.03125 sec

 Current Memory Usage: 844.108 Meg

Wed Jun 22 16:31:55 2016

